<?xml version="1.0" encoding="UTF-8"?>
<!-- Generated by org.testng.reporters.JUnitReportReporter -->
<testsuite hostname="Irfans-MBP" name="common.BuisnessLogic" tests="1" failures="0" timestamp="26 May 2016 09:00:06 GMT" time="6.986" errors="0">
  <testcase name="testingSubscApi2" time="6.986" classname="common.BuisnessLogic"/>
</testsuite> <!-- common.BuisnessLogic -->
