<?xml version="1.0" encoding="UTF-8"?>
<!-- Generated by org.testng.reporters.JUnitReportReporter -->
<testsuite hostname="Irfans-MBP" name="testme.TestSlotsApi" tests="1" failures="0" timestamp="25 May 2016 08:00:51 GMT" time="5.179" errors="0">
  <testcase name="testingSlotApi" time="5.179" classname="testme.TestSlotsApi"/>
</testsuite> <!-- testme.TestSlotsApi -->
