<?xml version="1.0" encoding="UTF-8"?>
<!-- Generated by org.testng.reporters.JUnitReportReporter -->
<testsuite hostname="Irfans-MBP" name="testme.Slots_Api" tests="3" failures="0" timestamp="26 May 2016 05:30:06 GMT" time="10.421" errors="0">
  <testcase name="testSlots_Api3" time="3.710" classname="testme.Slots_Api"/>
  <testcase name="testSlots_Api1" time="4.327" classname="testme.Slots_Api"/>
  <testcase name="testSlots_Api2" time="2.384" classname="testme.Slots_Api"/>
</testsuite> <!-- testme.Slots_Api -->
