<?xml version="1.0" encoding="UTF-8"?>
<!-- Generated by org.testng.reporters.JUnitReportReporter -->
<testsuite hostname="Irfans-MBP" name="testme.TestXml" tests="1" failures="0" timestamp="26 May 2016 07:51:27 GMT" time="4.466" errors="0">
  <testcase name="testingSubscApi2" time="4.466" classname="testme.TestXml"/>
</testsuite> <!-- testme.TestXml -->
