<?xml version="1.0" encoding="UTF-8"?>
<!-- Generated by org.testng.reporters.JUnitReportReporter -->
<testsuite hostname="Irfans-MBP" name="testing" tests="1" failures="0" timestamp="19 May 2016 09:56:45 GMT" time="6.059" errors="0">
  <testcase name="testme" time="6.059" classname="testing"/>
</testsuite> <!-- testing -->
