<?xml version="1.0" encoding="UTF-8"?>
<!-- Generated by org.testng.reporters.JUnitReportReporter -->
<testsuite hostname="Irfans-MBP" name="testme.NewOrders_Api" tests="1" failures="0" timestamp="25 May 2016 10:40:05 GMT" time="8.134" errors="0">
  <testcase name="test" time="8.134" classname="testme.NewOrders_Api"/>
</testsuite> <!-- testme.NewOrders_Api -->
