<?xml version="1.0" encoding="UTF-8"?>
<!-- Generated by org.testng.reporters.JUnitReportReporter -->
<testsuite hostname="Irfans-MBP" name="testme.TestXml" tests="1" failures="0" timestamp="26 May 2016 09:00:20 GMT" time="0.022" errors="0">
  <testcase name="testit" time="0.022" classname="testme.TestXml"/>
</testsuite> <!-- testme.TestXml -->
