<?xml version="1.0" encoding="UTF-8"?>
<!-- Generated by org.testng.reporters.JUnitReportReporter -->
<testsuite hostname="Irfans-MBP" name="testme.testing" tests="3" failures="0" timestamp="25 May 2016 07:36:01 GMT" time="9.961" errors="0">
  <testcase name="testmepost" time="5.349" classname="testme.testing"/>
  <testcase name="testmeget" time="2.077" classname="testme.testing"/>
  <testcase name="testmepost1" time="2.535" classname="testme.testing"/>
</testsuite> <!-- testme.testing -->
