<?xml version="1.0" encoding="UTF-8"?>
<!-- Generated by org.testng.reporters.JUnitReportReporter -->
<testsuite hostname="Irfans-MBP" name="testme.OrderApi" tests="1" failures="0" timestamp="20 May 2016 11:34:48 GMT" time="9.461" errors="0">
  <testcase name="test" time="9.461" classname="testme.OrderApi"/>
</testsuite> <!-- testme.OrderApi -->
