<?xml version="1.0" encoding="UTF-8"?>
<!-- Generated by org.testng.reporters.JUnitReportReporter -->
<testsuite hostname="Irfans-MBP" name="testme.testing" tests="3" failures="0" timestamp="24 May 2016 06:37:40 GMT" time="14.367" errors="0">
  <testcase name="testmepost" time="7.932" classname="testme.testing"/>
  <testcase name="testmeget" time="2.691" classname="testme.testing"/>
  <testcase name="testmepost1" time="3.744" classname="testme.testing"/>
</testsuite> <!-- testme.testing -->
