<?xml version="1.0" encoding="UTF-8"?>
<!-- Generated by org.testng.reporters.JUnitReportReporter -->
<testsuite hostname="Irfans-MBP" name="testme.OrderApi" tests="1" failures="0" timestamp="25 May 2016 07:36:01 GMT" time="7.257" errors="0">
  <testcase name="test" time="7.257" classname="testme.OrderApi"/>
</testsuite> <!-- testme.OrderApi -->
