<?xml version="1.0" encoding="UTF-8"?>
<!-- Generated by org.testng.reporters.JUnitReportReporter -->
<testsuite hostname="Irfans-MBP" name="testme.Slots_Api" tests="3" failures="0" timestamp="26 May 2016 08:19:58 GMT" time="4.946" errors="0">
  <testcase name="testSlots_Api2" time="1.706" classname="testme.Slots_Api"/>
  <testcase name="testSlots_Api3" time="1.523" classname="testme.Slots_Api"/>
  <testcase name="testSlots_Api1" time="1.717" classname="testme.Slots_Api"/>
</testsuite> <!-- testme.Slots_Api -->
