<?xml version="1.0" encoding="UTF-8"?>
<!-- Generated by org.testng.reporters.JUnitReportReporter -->
<testsuite hostname="Irfans-MBP" name="testme.OrderApi" tests="1" failures="0" timestamp="24 May 2016 07:50:12 GMT" time="6.501" errors="0">
  <testcase name="test" time="6.501" classname="testme.OrderApi"/>
</testsuite> <!-- testme.OrderApi -->
