<?xml version="1.0" encoding="UTF-8"?>
<!-- Generated by org.testng.reporters.JUnitReportReporter -->
<testsuite hostname="Irfans-MBP" name="testme.Subscriptions_Api" tests="2" failures="0" timestamp="26 May 2016 08:19:58 GMT" time="5.417" errors="0">
  <testcase name="testSubscription_Api1" time="1.761" classname="testme.Subscriptions_Api"/>
  <testcase name="testSubscription_Api2" time="3.656" classname="testme.Subscriptions_Api"/>
</testsuite> <!-- testme.Subscriptions_Api -->
