<?xml version="1.0" encoding="UTF-8"?>
<!-- Generated by org.testng.reporters.JUnitReportReporter -->
<testsuite hostname="Irfans-MBP" name="testme.NewOrders_Api" tests="1" failures="0" timestamp="26 May 2016 08:19:58 GMT" time="6.750" errors="0">
  <testcase name="test" time="6.750" classname="testme.NewOrders_Api"/>
</testsuite> <!-- testme.NewOrders_Api -->
