<?xml version="1.0" encoding="UTF-8"?>
<!-- Generated by org.testng.reporters.JUnitReportReporter -->
<testsuite hostname="Irfans-MBP" name="testme.testing" tests="3" failures="0" timestamp="20 May 2016 11:34:48 GMT" time="8.816" errors="0">
  <testcase name="testmepost" time="1.961" classname="testme.testing"/>
  <testcase name="testmeget" time="4.200" classname="testme.testing"/>
  <testcase name="testmepost1" time="2.655" classname="testme.testing"/>
</testsuite> <!-- testme.testing -->
