<?xml version="1.0" encoding="UTF-8"?>
<!-- Generated by org.testng.reporters.JUnitReportReporter -->
<testsuite hostname="Irfans-MBP" name="testme.testing" tests="3" failures="0" timestamp="24 May 2016 07:50:12 GMT" time="5.739" errors="0">
  <testcase name="testmepost" time="2.357" classname="testme.testing"/>
  <testcase name="testmeget" time="1.566" classname="testme.testing"/>
  <testcase name="testmepost1" time="1.816" classname="testme.testing"/>
</testsuite> <!-- testme.testing -->
